INFO:root:info message
WARNING:root:warn message
ERROR:root:error message
CRITICAL:root:critical message
INFO:root:info message
WARNING:root:warn message
ERROR:root:error message
CRITICAL:root:critical message
INFO:root:info message
WARNING:root:warn message
ERROR:root:error message
CRITICAL:root:critical message
INFO:root:info message
WARNING:root:warn message
ERROR:root:error message
CRITICAL:root:critical message
INFO:root:info message
WARNING:root:warn message
ERROR:root:error message
CRITICAL:root:critical message
INFO:mylogger:dadada
INFO:mylogger.child1:aaaaaaa
INFO:root:info message
WARNING:root:warn message
ERROR:root:error message
CRITICAL:root:critical message
INFO:mylogger:dadada
INFO:mylogger.child1:aaaaaaa
